This is pdfTeX, Version 3.14159265-2.6-1.40.18 (MiKTeX 2.9.6600 64-bit) (preloaded format=pdflatex 2018.2.20)  20 JUN 2018 00:47
entering extended mode
**./index.tex
(index.tex
LaTeX2e <2017-04-15>
Babel <3.17> and hyphenation patterns for 75 language(s) loaded.
("C:\Users\giovanadelucca\MiKTeX 2.9\tex\latex\beamer\beamer.cls"
Document Class: beamer 2018/02/20 v3.50 A class for typesetting presentations
("C:\Users\giovanadelucca\MiKTeX 2.9\tex\latex\beamer\beamerbasemodes.sty"
("C:\Users\giovanadelucca\MiKTeX 2.9\tex\latex\etoolbox\etoolbox.sty"
Package: etoolbox 2018/02/11 v2.5e e-TeX tools for LaTeX (JAW)
\etb@tempcnta=\count79
)
\beamer@tempbox=\box26
\beamer@tempcount=\count80
\c@beamerpauses=\count81

("C:\Users\giovanadelucca\MiKTeX 2.9\tex\latex\beamer\beamerbasedecode.sty"
\beamer@slideinframe=\count82
\beamer@minimum=\count83
)
\beamer@commentbox=\box27
\beamer@modecount=\count84
)
("C:\Users\giovanadelucca\MiKTeX 2.9\tex\generic\oberdiek\ifpdf.sty"
Package: ifpdf 2017/03/15 v3.2 Provides the ifpdf switch
)
\headdp=\dimen102
\footheight=\dimen103
\sidebarheight=\dimen104
\beamer@tempdim=\dimen105
\beamer@finalheight=\dimen106
\beamer@animht=\dimen107
\beamer@animdp=\dimen108
\beamer@animwd=\dimen109
\beamer@leftmargin=\dimen110
\beamer@rightmargin=\dimen111
\beamer@leftsidebar=\dimen112
\beamer@rightsidebar=\dimen113
\beamer@boxsize=\dimen114
\beamer@vboxoffset=\dimen115
\beamer@descdefault=\dimen116
\beamer@descriptionwidth=\dimen117
\beamer@lastskip=\skip41
\beamer@areabox=\box28
\beamer@animcurrent=\box29
\beamer@animshowbox=\box30
\beamer@sectionbox=\box31
\beamer@logobox=\box32
\beamer@linebox=\box33
\beamer@sectioncount=\count85
\beamer@subsubsectionmax=\count86
\beamer@subsectionmax=\count87
\beamer@sectionmax=\count88
\beamer@totalheads=\count89
\beamer@headcounter=\count90
\beamer@partstartpage=\count91
\beamer@sectionstartpage=\count92
\beamer@subsectionstartpage=\count93
\beamer@animationtempa=\count94
\beamer@animationtempb=\count95
\beamer@xpos=\count96
\beamer@ypos=\count97
\beamer@ypos@offset=\count98
\beamer@showpartnumber=\count99
\beamer@currentsubsection=\count100
\beamer@coveringdepth=\count101
\beamer@sectionadjust=\count102
\beamer@tocsectionnumber=\count103

("C:\Users\giovanadelucca\MiKTeX 2.9\tex\latex\beamer\beamerbaseoptions.sty"
("C:\Users\giovanadelucca\MiKTeX 2.9\tex\latex\graphics\keyval.sty"
Package: keyval 2014/10/28 v1.15 key=value parser (DPC)
\KV@toks@=\toks14
))
\beamer@paperwidth=\skip42
\beamer@paperheight=\skip43

("C:\Users\giovanadelucca\MiKTeX 2.9\tex\latex\geometry\geometry.sty"
Package: geometry 2010/09/12 v5.6 Page Geometry

("C:\Users\giovanadelucca\MiKTeX 2.9\tex\generic\oberdiek\ifvtex.sty"
Package: ifvtex 2016/05/16 v1.6 Detect VTeX and its facilities (HO)
Package ifvtex Info: VTeX not detected.
)
("C:\Users\giovanadelucca\MiKTeX 2.9\tex\generic\ifxetex\ifxetex.sty"
Package: ifxetex 2010/09/12 v0.6 Provides ifxetex conditional
)
\Gm@cnth=\count104
\Gm@cntv=\count105
\c@Gm@tempcnt=\count106
\Gm@bindingoffset=\dimen118
\Gm@wd@mp=\dimen119
\Gm@odd@mp=\dimen120
\Gm@even@mp=\dimen121
\Gm@layoutwidth=\dimen122
\Gm@layoutheight=\dimen123
\Gm@layouthoffset=\dimen124
\Gm@layoutvoffset=\dimen125
\Gm@dimlist=\toks15

("C:\Users\giovanadelucca\MiKTeX 2.9\tex\latex\geometry\geometry.cfg"))

Class beamer Warning: ``mathserif'' is obsolete. Use font theme ``serif'' with 
option ``onlymath'' on input line 336.

("C:\Users\giovanadelucca\MiKTeX 2.9\tex\latex\base\size11.clo"
File: size11.clo 2014/09/29 v1.4h Standard LaTeX file (size option)
)
("C:\Users\giovanadelucca\MiKTeX 2.9\tex\latex\pgf\basiclayer\pgfcore.sty"
("C:\Users\giovanadelucca\MiKTeX 2.9\tex\latex\graphics\graphicx.sty"
Package: graphicx 2017/06/01 v1.1a Enhanced LaTeX Graphics (DPC,SPQR)

("C:\Users\giovanadelucca\MiKTeX 2.9\tex\latex\graphics\graphics.sty"
Package: graphics 2017/06/25 v1.2c Standard LaTeX Graphics (DPC,SPQR)

("C:\Users\giovanadelucca\MiKTeX 2.9\tex\latex\graphics\trig.sty"
Package: trig 2016/01/03 v1.10 sin cos tan (DPC)
)
("C:\Users\giovanadelucca\MiKTeX 2.9\tex\latex\graphics-cfg\graphics.cfg"
File: graphics.cfg 2016/06/04 v1.11 sample graphics configuration
)
Package graphics Info: Driver file: pdftex.def on input line 99.

("C:\Users\giovanadelucca\MiKTeX 2.9\tex\latex\graphics-def\pdftex.def"
File: pdftex.def 2018/01/08 v1.0l Graphics/color driver for pdftex
))
\Gin@req@height=\dimen126
\Gin@req@width=\dimen127
)
("C:\Users\giovanadelucca\MiKTeX 2.9\tex\latex\pgf\systemlayer\pgfsys.sty"
("C:\Users\giovanadelucca\MiKTeX 2.9\tex\latex\pgf\utilities\pgfrcs.sty"
("C:\Users\giovanadelucca\MiKTeX 2.9\tex\generic\pgf\utilities\pgfutil-common.t
ex"
\pgfutil@everybye=\toks16
\pgfutil@tempdima=\dimen128
\pgfutil@tempdimb=\dimen129

("C:\Users\giovanadelucca\MiKTeX 2.9\tex\generic\pgf\utilities\pgfutil-common-l
ists.tex"))
("C:\Users\giovanadelucca\MiKTeX 2.9\tex\generic\pgf\utilities\pgfutil-latex.de
f"
\pgfutil@abb=\box34
 ("C:\Users\giovanadelucca\MiKTeX 2.9\tex\latex\ms\everyshi.sty"
Package: everyshi 2001/05/15 v3.00 EveryShipout Package (MS)
))
("C:\Users\giovanadelucca\MiKTeX 2.9\tex\generic\pgf\utilities\pgfrcs.code.tex"
Package: pgfrcs 2015/08/07 v3.0.1a (rcs-revision 1.31)
))
("C:\Users\giovanadelucca\MiKTeX 2.9\tex\generic\pgf\systemlayer\pgfsys.code.te
x"
Package: pgfsys 2014/07/09 v3.0.1a (rcs-revision 1.48)

("C:\Users\giovanadelucca\MiKTeX 2.9\tex\generic\pgf\utilities\pgfkeys.code.tex
"
\pgfkeys@pathtoks=\toks17
\pgfkeys@temptoks=\toks18

("C:\Users\giovanadelucca\MiKTeX 2.9\tex\generic\pgf\utilities\pgfkeysfiltered.
code.tex"
\pgfkeys@tmptoks=\toks19
))
\pgf@x=\dimen130
\pgf@y=\dimen131
\pgf@xa=\dimen132
\pgf@ya=\dimen133
\pgf@xb=\dimen134
\pgf@yb=\dimen135
\pgf@xc=\dimen136
\pgf@yc=\dimen137
\w@pgf@writea=\write3
\r@pgf@reada=\read1
\c@pgf@counta=\count107
\c@pgf@countb=\count108
\c@pgf@countc=\count109
\c@pgf@countd=\count110
\t@pgf@toka=\toks20
\t@pgf@tokb=\toks21
\t@pgf@tokc=\toks22

("C:\Users\giovanadelucca\MiKTeX 2.9\tex\generic\pgf\systemlayer\pgf.cfg"
File: pgf.cfg 2008/05/14  (rcs-revision 1.7)
)
Driver file for pgf: pgfsys-pdftex.def

("C:\Users\giovanadelucca\MiKTeX 2.9\tex\generic\pgf\systemlayer\pgfsys-pdftex.
def"
File: pgfsys-pdftex.def 2014/10/11  (rcs-revision 1.35)

("C:\Users\giovanadelucca\MiKTeX 2.9\tex\generic\pgf\systemlayer\pgfsys-common-
pdf.def"
File: pgfsys-common-pdf.def 2013/10/10  (rcs-revision 1.13)
)))
("C:\Users\giovanadelucca\MiKTeX 2.9\tex\generic\pgf\systemlayer\pgfsyssoftpath
.code.tex"
File: pgfsyssoftpath.code.tex 2013/09/09  (rcs-revision 1.9)
\pgfsyssoftpath@smallbuffer@items=\count111
\pgfsyssoftpath@bigbuffer@items=\count112
)
("C:\Users\giovanadelucca\MiKTeX 2.9\tex\generic\pgf\systemlayer\pgfsysprotocol
.code.tex"
File: pgfsysprotocol.code.tex 2006/10/16  (rcs-revision 1.4)
)) ("C:\Users\giovanadelucca\MiKTeX 2.9\tex\latex\xcolor\xcolor.sty"
Package: xcolor 2016/05/11 v2.12 LaTeX color extensions (UK)

("C:\Users\giovanadelucca\MiKTeX 2.9\tex\latex\graphics-cfg\color.cfg"
File: color.cfg 2016/01/02 v1.6 sample color configuration
)
Package xcolor Info: Driver file: pdftex.def on input line 225.

("C:\Users\giovanadelucca\MiKTeX 2.9\tex\latex\colortbl\colortbl.sty"
Package: colortbl 2012/02/13 v1.0a Color table columns (DPC)

("C:\Users\giovanadelucca\MiKTeX 2.9\tex\latex\tools\array.sty"
Package: array 2016/10/06 v2.4d Tabular extension package (FMi)
\col@sep=\dimen138
\extrarowheight=\dimen139
\NC@list=\toks23
\extratabsurround=\skip44
\backup@length=\skip45
)
\everycr=\toks24
\minrowclearance=\skip46
)
\rownum=\count113
Package xcolor Info: Model `cmy' substituted by `cmy0' on input line 1348.
Package xcolor Info: Model `hsb' substituted by `rgb' on input line 1352.
Package xcolor Info: Model `RGB' extended on input line 1364.
Package xcolor Info: Model `HTML' substituted by `rgb' on input line 1366.
Package xcolor Info: Model `Hsb' substituted by `hsb' on input line 1367.
Package xcolor Info: Model `tHsb' substituted by `hsb' on input line 1368.
Package xcolor Info: Model `HSB' substituted by `hsb' on input line 1369.
Package xcolor Info: Model `Gray' substituted by `gray' on input line 1370.
Package xcolor Info: Model `wave' substituted by `hsb' on input line 1371.

("C:\Users\giovanadelucca\MiKTeX 2.9\tex\latex\graphics\dvipsnam.def"
File: dvipsnam.def 2016/06/17 v3.0m Driver-dependent file (DPC,SPQR)
))
("C:\Users\giovanadelucca\MiKTeX 2.9\tex\generic\pgf\basiclayer\pgfcore.code.te
x"
Package: pgfcore 2010/04/11 v3.0.1a (rcs-revision 1.7)
 ("C:\Users\giovanadelucca\MiKTeX 2.9\tex\generic\pgf\math\pgfmath.code.tex"
("C:\Users\giovanadelucca\MiKTeX 2.9\tex\generic\pgf\math\pgfmathcalc.code.tex"
("C:\Users\giovanadelucca\MiKTeX 2.9\tex\generic\pgf\math\pgfmathutil.code.tex"
)
("C:\Users\giovanadelucca\MiKTeX 2.9\tex\generic\pgf\math\pgfmathparser.code.te
x"
\pgfmath@dimen=\dimen140
\pgfmath@count=\count114
\pgfmath@box=\box35
\pgfmath@toks=\toks25
\pgfmath@stack@operand=\toks26
\pgfmath@stack@operation=\toks27
)
("C:\Users\giovanadelucca\MiKTeX 2.9\tex\generic\pgf\math\pgfmathfunctions.code
.tex"
("C:\Users\giovanadelucca\MiKTeX 2.9\tex\generic\pgf\math\pgfmathfunctions.basi
c.code.tex")
("C:\Users\giovanadelucca\MiKTeX 2.9\tex\generic\pgf\math\pgfmathfunctions.trig
onometric.code.tex")
("C:\Users\giovanadelucca\MiKTeX 2.9\tex\generic\pgf\math\pgfmathfunctions.rand
om.code.tex")
("C:\Users\giovanadelucca\MiKTeX 2.9\tex\generic\pgf\math\pgfmathfunctions.comp
arison.code.tex")
("C:\Users\giovanadelucca\MiKTeX 2.9\tex\generic\pgf\math\pgfmathfunctions.base
.code.tex")
("C:\Users\giovanadelucca\MiKTeX 2.9\tex\generic\pgf\math\pgfmathfunctions.roun
d.code.tex")
("C:\Users\giovanadelucca\MiKTeX 2.9\tex\generic\pgf\math\pgfmathfunctions.misc
.code.tex")
("C:\Users\giovanadelucca\MiKTeX 2.9\tex\generic\pgf\math\pgfmathfunctions.inte
gerarithmetics.code.tex")))
("C:\Users\giovanadelucca\MiKTeX 2.9\tex\generic\pgf\math\pgfmathfloat.code.tex
"
\c@pgfmathroundto@lastzeros=\count115
))
("C:\Users\giovanadelucca\MiKTeX 2.9\tex\generic\pgf\basiclayer\pgfcorepoints.c
ode.tex"
File: pgfcorepoints.code.tex 2013/10/07  (rcs-revision 1.27)
\pgf@picminx=\dimen141
\pgf@picmaxx=\dimen142
\pgf@picminy=\dimen143
\pgf@picmaxy=\dimen144
\pgf@pathminx=\dimen145
\pgf@pathmaxx=\dimen146
\pgf@pathminy=\dimen147
\pgf@pathmaxy=\dimen148
\pgf@xx=\dimen149
\pgf@xy=\dimen150
\pgf@yx=\dimen151
\pgf@yy=\dimen152
\pgf@zx=\dimen153
\pgf@zy=\dimen154
)
("C:\Users\giovanadelucca\MiKTeX 2.9\tex\generic\pgf\basiclayer\pgfcorepathcons
truct.code.tex"
File: pgfcorepathconstruct.code.tex 2013/10/07  (rcs-revision 1.29)
\pgf@path@lastx=\dimen155
\pgf@path@lasty=\dimen156
)
("C:\Users\giovanadelucca\MiKTeX 2.9\tex\generic\pgf\basiclayer\pgfcorepathusag
e.code.tex"
File: pgfcorepathusage.code.tex 2014/11/02  (rcs-revision 1.24)
\pgf@shorten@end@additional=\dimen157
\pgf@shorten@start@additional=\dimen158
)
("C:\Users\giovanadelucca\MiKTeX 2.9\tex\generic\pgf\basiclayer\pgfcorescopes.c
ode.tex"
File: pgfcorescopes.code.tex 2015/05/08  (rcs-revision 1.46)
\pgfpic=\box36
\pgf@hbox=\box37
\pgf@layerbox@main=\box38
\pgf@picture@serial@count=\count116
)
("C:\Users\giovanadelucca\MiKTeX 2.9\tex\generic\pgf\basiclayer\pgfcoregraphics
tate.code.tex"
File: pgfcoregraphicstate.code.tex 2014/11/02  (rcs-revision 1.12)
\pgflinewidth=\dimen159
)
("C:\Users\giovanadelucca\MiKTeX 2.9\tex\generic\pgf\basiclayer\pgfcoretransfor
mations.code.tex"
File: pgfcoretransformations.code.tex 2015/08/07  (rcs-revision 1.20)
\pgf@pt@x=\dimen160
\pgf@pt@y=\dimen161
\pgf@pt@temp=\dimen162
)
("C:\Users\giovanadelucca\MiKTeX 2.9\tex\generic\pgf\basiclayer\pgfcorequick.co
de.tex"
File: pgfcorequick.code.tex 2008/10/09  (rcs-revision 1.3)
)
("C:\Users\giovanadelucca\MiKTeX 2.9\tex\generic\pgf\basiclayer\pgfcoreobjects.
code.tex"
File: pgfcoreobjects.code.tex 2006/10/11  (rcs-revision 1.2)
)
("C:\Users\giovanadelucca\MiKTeX 2.9\tex\generic\pgf\basiclayer\pgfcorepathproc
essing.code.tex"
File: pgfcorepathprocessing.code.tex 2013/09/09  (rcs-revision 1.9)
)
("C:\Users\giovanadelucca\MiKTeX 2.9\tex\generic\pgf\basiclayer\pgfcorearrows.c
ode.tex"
File: pgfcorearrows.code.tex 2015/05/14  (rcs-revision 1.43)
\pgfarrowsep=\dimen163
)
("C:\Users\giovanadelucca\MiKTeX 2.9\tex\generic\pgf\basiclayer\pgfcoreshade.co
de.tex"
File: pgfcoreshade.code.tex 2013/07/15  (rcs-revision 1.15)
\pgf@max=\dimen164
\pgf@sys@shading@range@num=\count117
)
("C:\Users\giovanadelucca\MiKTeX 2.9\tex\generic\pgf\basiclayer\pgfcoreimage.co
de.tex"
File: pgfcoreimage.code.tex 2013/07/15  (rcs-revision 1.18)

("C:\Users\giovanadelucca\MiKTeX 2.9\tex\generic\pgf\basiclayer\pgfcoreexternal
.code.tex"
File: pgfcoreexternal.code.tex 2014/07/09  (rcs-revision 1.21)
\pgfexternal@startupbox=\box39
))
("C:\Users\giovanadelucca\MiKTeX 2.9\tex\generic\pgf\basiclayer\pgfcorelayers.c
ode.tex"
File: pgfcorelayers.code.tex 2013/07/18  (rcs-revision 1.7)
)
("C:\Users\giovanadelucca\MiKTeX 2.9\tex\generic\pgf\basiclayer\pgfcoretranspar
ency.code.tex"
File: pgfcoretransparency.code.tex 2013/09/30  (rcs-revision 1.5)
)
("C:\Users\giovanadelucca\MiKTeX 2.9\tex\generic\pgf\basiclayer\pgfcorepatterns
.code.tex"
File: pgfcorepatterns.code.tex 2013/11/07  (rcs-revision 1.5)
)))
("C:\Users\giovanadelucca\MiKTeX 2.9\tex\latex\pgf\utilities\xxcolor.sty"
Package: xxcolor 2003/10/24 ver 0.1
\XC@nummixins=\count118
\XC@countmixins=\count119
)
("C:\Users\giovanadelucca\MiKTeX 2.9\tex\generic\oberdiek\atbegshi.sty"
Package: atbegshi 2016/06/09 v1.18 At begin shipout hook (HO)

("C:\Users\giovanadelucca\MiKTeX 2.9\tex\generic\oberdiek\infwarerr.sty"
Package: infwarerr 2016/05/16 v1.4 Providing info/warning/error messages (HO)
)
("C:\Users\giovanadelucca\MiKTeX 2.9\tex\generic\oberdiek\ltxcmds.sty"
Package: ltxcmds 2016/05/16 v1.23 LaTeX kernel commands for general use (HO)
))
("C:\Users\giovanadelucca\MiKTeX 2.9\tex\latex\hyperref\hyperref.sty"
Package: hyperref 2018/02/06 v6.86b Hypertext links for LaTeX

("C:\Users\giovanadelucca\MiKTeX 2.9\tex\generic\oberdiek\hobsub-hyperref.sty"
Package: hobsub-hyperref 2016/05/16 v1.14 Bundle oberdiek, subset hyperref (HO)


("C:\Users\giovanadelucca\MiKTeX 2.9\tex\generic\oberdiek\hobsub-generic.sty"
Package: hobsub-generic 2016/05/16 v1.14 Bundle oberdiek, subset generic (HO)
Package: hobsub 2016/05/16 v1.14 Construct package bundles (HO)
Package hobsub Info: Skipping package `infwarerr' (already loaded).
Package hobsub Info: Skipping package `ltxcmds' (already loaded).
Package: ifluatex 2016/05/16 v1.4 Provides the ifluatex switch (HO)
Package ifluatex Info: LuaTeX not detected.
Package hobsub Info: Skipping package `ifvtex' (already loaded).
Package: intcalc 2016/05/16 v1.2 Expandable calculations with integers (HO)
Package hobsub Info: Skipping package `ifpdf' (already loaded).
Package: etexcmds 2016/05/16 v1.6 Avoid name clashes with e-TeX commands (HO)
Package etexcmds Info: Could not find \expanded.
(etexcmds)             That can mean that you are not using pdfTeX 1.50 or
(etexcmds)             that some package has redefined \expanded.
(etexcmds)             In the latter case, load this package earlier.
Package: kvsetkeys 2016/05/16 v1.17 Key value parser (HO)
Package: kvdefinekeys 2016/05/16 v1.4 Define keys (HO)
Package: pdftexcmds 2018/01/21 v0.26 Utility functions of pdfTeX for LuaTeX (HO
)
Package pdftexcmds Info: LuaTeX not detected.
Package pdftexcmds Info: \pdf@primitive is available.
Package pdftexcmds Info: \pdf@ifprimitive is available.
Package pdftexcmds Info: \pdfdraftmode found.
Package: pdfescape 2016/05/16 v1.14 Implements pdfTeX's escape features (HO)
Package: bigintcalc 2016/05/16 v1.4 Expandable calculations on big integers (HO
)
Package: bitset 2016/05/16 v1.2 Handle bit-vector datatype (HO)
Package: uniquecounter 2016/05/16 v1.3 Provide unlimited unique counter (HO)
)
Package hobsub Info: Skipping package `hobsub' (already loaded).
Package: letltxmacro 2016/05/16 v1.5 Let assignment for LaTeX macros (HO)
Package: hopatch 2016/05/16 v1.3 Wrapper for package hooks (HO)
Package: xcolor-patch 2016/05/16 xcolor patch
Package: atveryend 2016/05/16 v1.9 Hooks at the very end of document (HO)
Package hobsub Info: Skipping package `atbegshi' (already loaded).
Package: refcount 2016/05/16 v3.5 Data extraction from label references (HO)
Package: hycolor 2016/05/16 v1.8 Color options for hyperref/bookmark (HO)
) ("C:\Users\giovanadelucca\MiKTeX 2.9\tex\latex\oberdiek\auxhook.sty"
Package: auxhook 2016/05/16 v1.4 Hooks for auxiliary files (HO)
)
("C:\Users\giovanadelucca\MiKTeX 2.9\tex\latex\oberdiek\kvoptions.sty"
Package: kvoptions 2016/05/16 v3.12 Key value format for package options (HO)
)
\@linkdim=\dimen165
\Hy@linkcounter=\count120
\Hy@pagecounter=\count121

("C:\Users\giovanadelucca\MiKTeX 2.9\tex\latex\hyperref\pd1enc.def"
File: pd1enc.def 2018/02/06 v6.86b Hyperref: PDFDocEncoding definition (HO)
)
\Hy@SavedSpaceFactor=\count122

("C:\Users\giovanadelucca\MiKTeX 2.9\tex\latex\00miktex\hyperref.cfg"
File: hyperref.cfg 2002/06/06 v1.2 hyperref configuration of TeXLive
)
Package hyperref Info: Option `bookmarks' set `true' on input line 4383.
Package hyperref Info: Option `bookmarksopen' set `true' on input line 4383.
Package hyperref Info: Option `implicit' set `false' on input line 4383.
Package hyperref Info: Hyper figures OFF on input line 4509.
Package hyperref Info: Link nesting OFF on input line 4514.
Package hyperref Info: Hyper index ON on input line 4517.
Package hyperref Info: Plain pages OFF on input line 4524.
Package hyperref Info: Backreferencing OFF on input line 4529.
Package hyperref Info: Implicit mode OFF; no redefinition of LaTeX internals.
Package hyperref Info: Bookmarks ON on input line 4762.
\c@Hy@tempcnt=\count123

("C:\Users\giovanadelucca\MiKTeX 2.9\tex\latex\url\url.sty"
\Urlmuskip=\muskip10
Package: url 2013/09/16  ver 3.4  Verb mode for urls, etc.
)
LaTeX Info: Redefining \url on input line 5115.
\XeTeXLinkMargin=\dimen166
\Fld@menulength=\count124
\Field@Width=\dimen167
\Fld@charsize=\dimen168
Package hyperref Info: Hyper figures OFF on input line 6369.
Package hyperref Info: Link nesting OFF on input line 6374.
Package hyperref Info: Hyper index ON on input line 6377.
Package hyperref Info: backreferencing OFF on input line 6384.
Package hyperref Info: Link coloring OFF on input line 6389.
Package hyperref Info: Link coloring with OCG OFF on input line 6394.
Package hyperref Info: PDF/A mode OFF on input line 6399.
LaTeX Info: Redefining \ref on input line 6439.
LaTeX Info: Redefining \pageref on input line 6443.
\Hy@abspage=\count125


Package hyperref Message: Stopped early.

)
Package hyperref Info: Driver (autodetected): hpdftex.
 ("C:\Users\giovanadelucca\MiKTeX 2.9\tex\latex\hyperref\hpdftex.def"
File: hpdftex.def 2018/02/06 v6.86b Hyperref driver for pdfTeX
\Fld@listcount=\count126
\c@bookmark@seq@number=\count127

("C:\Users\giovanadelucca\MiKTeX 2.9\tex\latex\oberdiek\rerunfilecheck.sty"
Package: rerunfilecheck 2016/05/16 v1.8 Rerun checks for auxiliary files (HO)
Package uniquecounter Info: New unique counter `rerunfilecheck' on input line 2
82.
))
("C:\Users\giovanadelucca\MiKTeX 2.9\tex\latex\beamer\beamerbaserequires.sty"
("C:\Users\giovanadelucca\MiKTeX 2.9\tex\latex\beamer\beamerbasecompatibility.s
ty") ("C:\Users\giovanadelucca\MiKTeX 2.9\tex\latex\beamer\beamerbasefont.sty"
("C:\Users\giovanadelucca\MiKTeX 2.9\tex\latex\amsfonts\amssymb.sty"
Package: amssymb 2013/01/14 v3.01 AMS font symbols

("C:\Users\giovanadelucca\MiKTeX 2.9\tex\latex\amsfonts\amsfonts.sty"
Package: amsfonts 2013/01/14 v3.01 Basic AMSFonts support
\@emptytoks=\toks28
\symAMSa=\mathgroup4
\symAMSb=\mathgroup5
LaTeX Font Info:    Overwriting math alphabet `\mathfrak' in version `bold'
(Font)                  U/euf/m/n --> U/euf/b/n on input line 106.
)))
("C:\Users\giovanadelucca\MiKTeX 2.9\tex\latex\beamer\beamerbasetranslator.sty"
("C:\Users\giovanadelucca\MiKTeX 2.9\tex\latex\translator\translator.sty"
Package: translator 2018/01/04 v1.12 Easy translation of strings in LaTeX
))
("C:\Users\giovanadelucca\MiKTeX 2.9\tex\latex\beamer\beamerbasemisc.sty")
("C:\Users\giovanadelucca\MiKTeX 2.9\tex\latex\beamer\beamerbasetwoscreens.sty"
) ("C:\Users\giovanadelucca\MiKTeX 2.9\tex\latex\beamer\beamerbaseoverlay.sty"
\beamer@argscount=\count128
\beamer@lastskipcover=\skip47
\beamer@trivlistdepth=\count129
) ("C:\Users\giovanadelucca\MiKTeX 2.9\tex\latex\beamer\beamerbasetitle.sty")
("C:\Users\giovanadelucca\MiKTeX 2.9\tex\latex\beamer\beamerbasesection.sty"
\c@lecture=\count130
\c@part=\count131
\c@section=\count132
\c@subsection=\count133
\c@subsubsection=\count134
)
("C:\Users\giovanadelucca\MiKTeX 2.9\tex\latex\beamer\beamerbaseframe.sty"
\beamer@framebox=\box40
\beamer@frametitlebox=\box41
\beamer@zoombox=\box42
\beamer@zoomcount=\count135
\beamer@zoomframecount=\count136
\beamer@frametextheight=\dimen169
\c@subsectionslide=\count137
\beamer@frametopskip=\skip48
\beamer@framebottomskip=\skip49
\beamer@frametopskipautobreak=\skip50
\beamer@framebottomskipautobreak=\skip51
\beamer@envbody=\toks29
\framewidth=\dimen170
\c@framenumber=\count138
)
("C:\Users\giovanadelucca\MiKTeX 2.9\tex\latex\beamer\beamerbaseverbatim.sty"
\beamer@verbatimfileout=\write4
)
("C:\Users\giovanadelucca\MiKTeX 2.9\tex\latex\beamer\beamerbaseframesize.sty"
\beamer@splitbox=\box43
\beamer@autobreakcount=\count139
\beamer@autobreaklastheight=\dimen171
\beamer@frametitletoks=\toks30
\beamer@framesubtitletoks=\toks31
)
("C:\Users\giovanadelucca\MiKTeX 2.9\tex\latex\beamer\beamerbaseframecomponents
.sty"
\beamer@footins=\box44
) ("C:\Users\giovanadelucca\MiKTeX 2.9\tex\latex\beamer\beamerbasecolor.sty"
\beamer@bg@ht=\dimen172
\beamer@bg@wd=\dimen173
\beamer@bg@dp=\dimen174
) ("C:\Users\giovanadelucca\MiKTeX 2.9\tex\latex\beamer\beamerbasenotes.sty"
\beamer@frameboxcopy=\box45
) ("C:\Users\giovanadelucca\MiKTeX 2.9\tex\latex\beamer\beamerbasetoc.sty")
("C:\Users\giovanadelucca\MiKTeX 2.9\tex\latex\beamer\beamerbasetemplates.sty"
\beamer@sbttoks=\toks32

("C:\Users\giovanadelucca\MiKTeX 2.9\tex\latex\beamer\beamerbaseauxtemplates.st
y" ("C:\Users\giovanadelucca\MiKTeX 2.9\tex\latex\beamer\beamerbaseboxes.sty"
\bmb@box=\box46
\bmb@colorbox=\box47
\bmb@boxshadow=\box48
\bmb@boxshadowball=\box49
\bmb@boxshadowballlarge=\box50
\bmb@temp=\dimen175
\bmb@dima=\dimen176
\bmb@dimb=\dimen177
\bmb@prevheight=\dimen178
)
\beamer@blockheadheight=\dimen179
))
("C:\Users\giovanadelucca\MiKTeX 2.9\tex\latex\beamer\beamerbaselocalstructure.
sty" ("C:\Users\giovanadelucca\MiKTeX 2.9\tex\latex\tools\enumerate.sty"
Package: enumerate 2015/07/23 v3.00 enumerate extensions (DPC)
\@enLab=\toks33
)
\c@figure=\count140
\c@table=\count141
\abovecaptionskip=\skip52
\belowcaptionskip=\skip53
)
("C:\Users\giovanadelucca\MiKTeX 2.9\tex\latex\beamer\beamerbasenavigation.sty"
\beamer@section@min@dim=\dimen180
) ("C:\Users\giovanadelucca\MiKTeX 2.9\tex\latex\beamer\beamerbasetheorems.sty"
("C:\Users\giovanadelucca\MiKTeX 2.9\tex\latex\amsmath\amsmath.sty"
Package: amsmath 2017/09/02 v2.17a AMS math features
\@mathmargin=\skip54

For additional information on amsmath, use the `?' option.
("C:\Users\giovanadelucca\MiKTeX 2.9\tex\latex\amsmath\amstext.sty"
Package: amstext 2000/06/29 v2.01 AMS text

("C:\Users\giovanadelucca\MiKTeX 2.9\tex\latex\amsmath\amsgen.sty"
File: amsgen.sty 1999/11/30 v2.0 generic functions
\@emptytoks=\toks34
\ex@=\dimen181
))
("C:\Users\giovanadelucca\MiKTeX 2.9\tex\latex\amsmath\amsbsy.sty"
Package: amsbsy 1999/11/29 v1.2d Bold Symbols
\pmbraise@=\dimen182
)
("C:\Users\giovanadelucca\MiKTeX 2.9\tex\latex\amsmath\amsopn.sty"
Package: amsopn 2016/03/08 v2.02 operator names
)
\inf@bad=\count142
LaTeX Info: Redefining \frac on input line 213.
\uproot@=\count143
\leftroot@=\count144
LaTeX Info: Redefining \overline on input line 375.
\classnum@=\count145
\DOTSCASE@=\count146
LaTeX Info: Redefining \ldots on input line 472.
LaTeX Info: Redefining \dots on input line 475.
LaTeX Info: Redefining \cdots on input line 596.
\Mathstrutbox@=\box51
\strutbox@=\box52
\big@size=\dimen183
LaTeX Font Info:    Redeclaring font encoding OML on input line 712.
LaTeX Font Info:    Redeclaring font encoding OMS on input line 713.
\macc@depth=\count147
\c@MaxMatrixCols=\count148
\dotsspace@=\muskip11
\c@parentequation=\count149
\dspbrk@lvl=\count150
\tag@help=\toks35
\row@=\count151
\column@=\count152
\maxfields@=\count153
\andhelp@=\toks36
\eqnshift@=\dimen184
\alignsep@=\dimen185
\tagshift@=\dimen186
\tagwidth@=\dimen187
\totwidth@=\dimen188
\lineht@=\dimen189
\@envbody=\toks37
\multlinegap=\skip55
\multlinetaggap=\skip56
\mathdisplay@stack=\toks38
LaTeX Info: Redefining \[ on input line 2817.
LaTeX Info: Redefining \] on input line 2818.
)
("C:\Users\giovanadelucca\MiKTeX 2.9\tex\latex\amscls\amsthm.sty"
Package: amsthm 2017/10/31 v2.20.4
\thm@style=\toks39
\thm@bodyfont=\toks40
\thm@headfont=\toks41
\thm@notefont=\toks42
\thm@headpunct=\toks43
\thm@preskip=\skip57
\thm@postskip=\skip58
\thm@headsep=\skip59
\dth@everypar=\toks44
)
\c@theorem=\count154
)
("C:\Users\giovanadelucca\MiKTeX 2.9\tex\latex\beamer\beamerbasethemes.sty"))
("C:\Users\giovanadelucca\MiKTeX 2.9\tex\latex\beamer\beamerthemedefault.sty"
("C:\Users\giovanadelucca\MiKTeX 2.9\tex\latex\beamer\beamerfontthemedefault.st
y")
("C:\Users\giovanadelucca\MiKTeX 2.9\tex\latex\beamer\beamercolorthemedefault.s
ty")
("C:\Users\giovanadelucca\MiKTeX 2.9\tex\latex\beamer\beamerinnerthemedefault.s
ty"
\beamer@dima=\dimen190
\beamer@dimb=\dimen191
)
("C:\Users\giovanadelucca\MiKTeX 2.9\tex\latex\beamer\beamerouterthemedefault.s
ty"))) ("C:\Users\giovanadelucca\MiKTeX 2.9\tex\latex\base\fontenc.sty"
Package: fontenc 2017/04/05 v2.0i Standard LaTeX package

("C:\Users\giovanadelucca\MiKTeX 2.9\tex\latex\base\t1enc.def"
File: t1enc.def 2017/04/05 v2.0i Standard LaTeX file
LaTeX Font Info:    Redeclaring font encoding T1 on input line 48.
))
("C:\Users\giovanadelucca\MiKTeX 2.9\tex\latex\base\inputenc.sty"
Package: inputenc 2015/03/17 v1.2c Input encoding file
\inpenc@prehook=\toks45
\inpenc@posthook=\toks46

("C:\Users\giovanadelucca\MiKTeX 2.9\tex\latex\base\latin1.def"
File: latin1.def 2015/03/17 v1.2c Input encoding file
))
("C:\Users\giovanadelucca\MiKTeX 2.9\tex\generic\babel\babel.sty"
Package: babel 2018/01/24 3.17 The Babel package

("C:\Users\giovanadelucca\MiKTeX 2.9\tex\generic\babel\switch.def"
File: switch.def 2018/01/24 3.17 Babel switching mechanism
)
*************************************
* Local config file bblopts.cfg used
*
("C:\Users\giovanadelucca\MiKTeX 2.9\tex\latex\arabi\bblopts.cfg"
File: bblopts.cfg 2005/09/08 v0.1 add Arabic and Farsi to "declared" options of
 babel
)
("C:\Users\giovanadelucca\MiKTeX 2.9\tex\latex\babel-portuges\portuges.ldf"
Language: portuges 2008/03/18 v1.2q Portuguese support from the babel system

("C:\Users\giovanadelucca\MiKTeX 2.9\tex\generic\babel\babel.def"
File: babel.def 2018/01/24 3.17 Babel common definitions

("C:\Users\giovanadelucca\MiKTeX 2.9\tex\generic\babel\switch.def"
File: switch.def 2018/01/24 3.17 Babel switching mechanism
)
\babel@savecnt=\count155
\U@D=\dimen192

("C:\Users\giovanadelucca\MiKTeX 2.9\tex\generic\babel\txtbabel.def")
LaTeX Info: Redefining \textlatin on input line 1799.
\bbl@dirlevel=\count156
)
\l@brazil = a dialect from \language\l@portuges 
Package babel Info: Making " an active character on input line 145.
))
("C:\Users\giovanadelucca\MiKTeX 2.9\tex\latex\psnfss\times.sty"
Package: times 2005/04/12 PSNFSS-v9.2a (SPQR) 
)
("C:\Users\giovanadelucca\MiKTeX 2.9\tex\latex\beamer\beamerprosper.sty"
\beamerprosper@notebox=\box53
\beamerprosper@leftwidth=\dimen193
\beamerprosper@rightwidth=\dimen194
)
("C:\Users\giovanadelucca\MiKTeX 2.9\tex\latex\graphics\epsfig.sty"
Package: epsfig 2017/06/25 v1.7b (e)psfig emulation (SPQR)
\epsfxsize=\dimen195
\epsfysize=\dimen196
)
("C:\Users\giovanadelucca\MiKTeX 2.9\tex\latex\booktabs\booktabs.sty"
Package: booktabs 2005/04/14 v1.61803 publication quality tables
\heavyrulewidth=\dimen197
\lightrulewidth=\dimen198
\cmidrulewidth=\dimen199
\belowrulesep=\dimen256
\belowbottomsep=\dimen257
\aboverulesep=\dimen258
\abovetopsep=\dimen259
\cmidrulesep=\dimen260
\cmidrulekern=\dimen261
\defaultaddspace=\dimen262
\@cmidla=\count157
\@cmidlb=\count158
\@aboverulesep=\dimen263
\@belowrulesep=\dimen264
\@thisruleclass=\count159
\@lastruleclass=\count160
\@thisrulewidth=\dimen265
)
("C:\Users\giovanadelucca\MiKTeX 2.9\tex\latex\caption\caption.sty"
Package: caption 2016/02/21 v3.3-144 Customizing captions (AR)

("C:\Users\giovanadelucca\MiKTeX 2.9\tex\latex\caption\caption3.sty"
Package: caption3 2016/05/22 v1.7-166 caption3 kernel (AR)
Package caption3 Info: TeX engine: e-TeX on input line 67.
\captionmargin=\dimen266
\captionmargin@=\dimen267
\captionwidth=\dimen268
\caption@tempdima=\dimen269
\caption@indent=\dimen270
\caption@parindent=\dimen271
\caption@hangindent=\dimen272
)
\c@ContinuedFloat=\count161
Package caption Info: beamer document class.
Package caption Info: hyperref package is loaded.
Package caption Info: Hyperref support is turned off
(caption)             because hyperref has stopped early.
)
("C:\Users\giovanadelucca\MiKTeX 2.9\tex\latex\carlisle\scalefnt.sty")
("C:\Users\giovanadelucca\MiKTeX 2.9\tex\latex\natbib\natbib.sty"
Package: natbib 2010/09/13 8.31b (PWD, AO)
\bibhang=\skip60
\bibsep=\skip61
LaTeX Info: Redefining \cite on input line 694.
\c@NAT@ctr=\count162
)
("C:\Users\giovanadelucca\MiKTeX 2.9\tex\latex\movie15\movie15.sty"
Package: movie15 2012/05/16

("C:\Users\giovanadelucca\MiKTeX 2.9\tex\latex\base\ifthen.sty"
Package: ifthen 2014/09/29 v1.1c Standard LaTeX ifthen package (DPC)
)
("C:\Users\giovanadelucca\MiKTeX 2.9\tex\latex\oberdiek\ifdraft.sty"
Package: ifdraft 2016/05/16 v1.4 Detect class options draft and final (HO)
)
\@MXV@page=\count163
\@MXV@adict=\count164
\@MXV@aadict=\count165
\@MXV@includes=\count166
\@MXV@players=\count167
\@MXV@links=\count168
\@MXV@width=\dimen273
\@MXV@height=\dimen274
\@MXV@depth=\dimen275
\@MXV@totalheight=\dimen276
\@MXV@@boxdepth=\dimen277
\@MXV@traiselen=\dimen278
\@MXV@braiselen=\dimen279
\@MXV@start=\dimen280
\@MXV@end=\dimen281
\@MXV@textbox=\box54
)
("C:\Users\giovanadelucca\MiKTeX 2.9\tex\latex\beamer\beamerthemeCambridgeUS.st
y"
("C:\Users\giovanadelucca\MiKTeX 2.9\tex\latex\beamer\beamerinnerthemerounded.s
ty")
("C:\Users\giovanadelucca\MiKTeX 2.9\tex\latex\beamer\beamerouterthemeinfolines
.sty")
("C:\Users\giovanadelucca\MiKTeX 2.9\tex\latex\beamer\beamercolorthemebeaver.st
y"))
("C:\Users\giovanadelucca\MiKTeX 2.9\tex\latex\beamer\beamercolorthemewhale.sty
") (index.aux

LaTeX Warning: Label `tab:cronograma' multiply defined.

)
\openout1 = `index.aux'.

LaTeX Font Info:    Checking defaults for OML/cmm/m/it on input line 61.
LaTeX Font Info:    ... okay on input line 61.
LaTeX Font Info:    Checking defaults for T1/cmr/m/n on input line 61.
LaTeX Font Info:    ... okay on input line 61.
LaTeX Font Info:    Checking defaults for OT1/cmr/m/n on input line 61.
LaTeX Font Info:    ... okay on input line 61.
LaTeX Font Info:    Checking defaults for OMS/cmsy/m/n on input line 61.
LaTeX Font Info:    ... okay on input line 61.
LaTeX Font Info:    Checking defaults for OMX/cmex/m/n on input line 61.
LaTeX Font Info:    ... okay on input line 61.
LaTeX Font Info:    Checking defaults for U/cmr/m/n on input line 61.
LaTeX Font Info:    ... okay on input line 61.
LaTeX Font Info:    Checking defaults for PD1/pdf/m/n on input line 61.
LaTeX Font Info:    ... okay on input line 61.
LaTeX Font Info:    Try loading font information for T1+phv on input line 61.
 ("C:\Users\giovanadelucca\MiKTeX 2.9\tex\latex\psnfss\t1phv.fd"
File: t1phv.fd 2001/06/04 scalable font definitions for T1/phv.
)
*geometry* driver: auto-detecting
*geometry* detected driver: pdftex
*geometry* verbose mode - [ preamble ] result:
* driver: pdftex
* paper: custom
* layout: <same size as paper>
* layoutoffset:(h,v)=(0.0pt,0.0pt)
* modes: includehead includefoot 
* h-part:(L,W,R)=(10.88002pt, 342.43532pt, 10.88002pt)
* v-part:(T,H,B)=(0.0pt, 273.14662pt, 0.0pt)
* \paperwidth=364.19536pt
* \paperheight=273.14662pt
* \textwidth=342.43532pt
* \textheight=244.6939pt
* \oddsidemargin=-61.38997pt
* \evensidemargin=-61.38997pt
* \topmargin=-72.26999pt
* \headheight=14.22636pt
* \headsep=0.0pt
* \topskip=11.0pt
* \footskip=14.22636pt
* \marginparwidth=4.0pt
* \marginparsep=10.0pt
* \columnsep=10.0pt
* \skip\footins=10.0pt plus 4.0pt minus 2.0pt
* \hoffset=0.0pt
* \voffset=0.0pt
* \mag=1000
* \@twocolumnfalse
* \@twosidefalse
* \@mparswitchfalse
* \@reversemarginfalse
* (1in=72.27pt=25.4mm, 1cm=28.453pt)

("C:\Users\giovanadelucca\MiKTeX 2.9\tex\context\base\supp-pdf.mkii"
[Loading MPS to PDF converter (version 2006.09.02).]
\scratchcounter=\count169
\scratchdimen=\dimen282
\scratchbox=\box55
\nofMPsegments=\count170
\nofMParguments=\count171
\everyMPshowfont=\toks47
\MPscratchCnt=\count172
\MPscratchDim=\dimen283
\MPnumerator=\count173
\makeMPintoPDFobject=\count174
\everyMPtoPDFconversion=\toks48
) ("C:\Users\giovanadelucca\MiKTeX 2.9\tex\latex\oberdiek\epstopdf-base.sty"
Package: epstopdf-base 2016/05/15 v2.6 Base part for package epstopdf

("C:\Users\giovanadelucca\MiKTeX 2.9\tex\latex\oberdiek\grfext.sty"
Package: grfext 2016/05/16 v1.2 Manage graphics extensions (HO)
)
Package epstopdf-base Info: Redefining graphics rule for `.eps' on input line 4
38.
Package grfext Info: Graphics extension search list:
(grfext)             [.pdf,.png,.jpg,.mps,.jpeg,.jbig2,.jb2,.PDF,.PNG,.JPG,.JPE
G,.JBIG2,.JB2,.eps]
(grfext)             \AppendGraphicsExtensions on input line 456.
)
ABD: EveryShipout initializing macros
\AtBeginShipoutBox=\box56
Package hyperref Info: Link coloring OFF on input line 61.

("C:\Users\giovanadelucca\MiKTeX 2.9\tex\latex\hyperref\nameref.sty"
Package: nameref 2016/05/21 v2.44 Cross-referencing by name of section

("C:\Users\giovanadelucca\MiKTeX 2.9\tex\generic\oberdiek\gettitlestring.sty"
Package: gettitlestring 2016/05/16 v1.5 Cleanup title references (HO)
)
\c@section@level=\count175
)
LaTeX Info: Redefining \ref on input line 61.
LaTeX Info: Redefining \pageref on input line 61.
LaTeX Info: Redefining \nameref on input line 61.
(index.out) (index.out)
\@outlinefile=\write5
\openout5 = `index.out'.

\symnumbers=\mathgroup6
\sympureletters=\mathgroup7
LaTeX Font Info:    Overwriting math alphabet `\mathrm' in version `normal'
(Font)                  OT1/cmr/m/n --> T1/ptm/m/n on input line 61.
LaTeX Font Info:    Redeclaring math alphabet \mathbf on input line 61.
LaTeX Font Info:    Overwriting math alphabet `\mathbf' in version `normal'
(Font)                  OT1/cmr/bx/n --> T1/ptm/bx/n on input line 61.
LaTeX Font Info:    Overwriting math alphabet `\mathbf' in version `bold'
(Font)                  OT1/cmr/bx/n --> T1/ptm/bx/n on input line 61.
LaTeX Font Info:    Redeclaring math alphabet \mathsf on input line 61.
LaTeX Font Info:    Overwriting math alphabet `\mathsf' in version `normal'
(Font)                  OT1/cmss/m/n --> T1/phv/m/n on input line 61.
LaTeX Font Info:    Overwriting math alphabet `\mathsf' in version `bold'
(Font)                  OT1/cmss/bx/n --> T1/phv/m/n on input line 61.
LaTeX Font Info:    Redeclaring math alphabet \mathit on input line 61.
LaTeX Font Info:    Overwriting math alphabet `\mathit' in version `normal'
(Font)                  OT1/cmr/m/it --> T1/ptm/m/it on input line 61.
LaTeX Font Info:    Overwriting math alphabet `\mathit' in version `bold'
(Font)                  OT1/cmr/bx/it --> T1/ptm/m/it on input line 61.
LaTeX Font Info:    Redeclaring math alphabet \mathtt on input line 61.
LaTeX Font Info:    Overwriting math alphabet `\mathtt' in version `normal'
(Font)                  OT1/cmtt/m/n --> T1/pcr/m/n on input line 61.
LaTeX Font Info:    Overwriting math alphabet `\mathtt' in version `bold'
(Font)                  OT1/cmtt/m/n --> T1/pcr/m/n on input line 61.
LaTeX Font Info:    Overwriting symbol font `numbers' in version `bold'
(Font)                  T1/ptm/m/n --> T1/ptm/bx/n on input line 61.
LaTeX Font Info:    Overwriting symbol font `pureletters' in version `bold'
(Font)                  T1/ptm/m/it --> T1/ptm/bx/it on input line 61.
LaTeX Font Info:    Overwriting math alphabet `\mathrm' in version `bold'
(Font)                  OT1/cmr/bx/n --> T1/ptm/bx/n on input line 61.
LaTeX Font Info:    Overwriting math alphabet `\mathbf' in version `bold'
(Font)                  T1/ptm/bx/n --> T1/ptm/bx/n on input line 61.
LaTeX Font Info:    Overwriting math alphabet `\mathsf' in version `bold'
(Font)                  T1/phv/m/n --> T1/phv/bx/n on input line 61.
LaTeX Font Info:    Overwriting math alphabet `\mathit' in version `bold'
(Font)                  T1/ptm/m/it --> T1/ptm/bx/it on input line 61.
LaTeX Font Info:    Overwriting math alphabet `\mathtt' in version `bold'
(Font)                  T1/pcr/m/n --> T1/pcr/bx/n on input line 61.

("C:\Users\giovanadelucca\MiKTeX 2.9\tex\latex\translator\translator-basic-dict
ionary-English.dict"
Dictionary: translator-basic-dictionary, Language: English 
)
("C:\Users\giovanadelucca\MiKTeX 2.9\tex\latex\translator\translator-bibliograp
hy-dictionary-English.dict"
Dictionary: translator-bibliography-dictionary, Language: English 
)
("C:\Users\giovanadelucca\MiKTeX 2.9\tex\latex\translator\translator-environmen
t-dictionary-English.dict"
Dictionary: translator-environment-dictionary, Language: English 
)
("C:\Users\giovanadelucca\MiKTeX 2.9\tex\latex\translator\translator-months-dic
tionary-English.dict"
Dictionary: translator-months-dictionary, Language: English 
)
("C:\Users\giovanadelucca\MiKTeX 2.9\tex\latex\translator\translator-numbers-di
ctionary-English.dict"
Dictionary: translator-numbers-dictionary, Language: English 
)
("C:\Users\giovanadelucca\MiKTeX 2.9\tex\latex\translator\translator-theorem-di
ctionary-English.dict"
Dictionary: translator-theorem-dictionary, Language: English 
)
Package caption Info: Begin \AtBeginDocument code.
Package caption Info: End \AtBeginDocument code.
 (index.nav)
LaTeX Font Info:    Font shape `T1/phv/bx/n' in size <14.4> not available
(Font)              Font shape `T1/phv/b/n' tried instead on input line 64.
LaTeX Font Info:    Try loading font information for T1+pcr on input line 64.

("C:\Users\giovanadelucca\MiKTeX 2.9\tex\latex\psnfss\t1pcr.fd"
File: t1pcr.fd 2001/06/04 font definitions for T1/pcr.
)
<./img/uea.png, id=59, 481.8pt x 481.8pt>
File: ./img/uea.png Graphic file (type png)
<use ./img/uea.png>
Package pdftex.def Info: ./img/uea.png  used on input line 64.
(pdftex.def)             Requested size: 34.24405pt x 36.8833pt.
 [1

{C:/Users/giovanadelucca/AppData/Local/MiKTeX/2.9/pdftex/config/pdftex.map} <./
img/uea.png>] (index.toc) [2

] (index.toc) [3

] (files/introducao.tex [4

] [5

] [6

]) (index.toc) [7

] (files/introducao/objetivos.tex
LaTeX Font Info:    Font shape `T1/phv/m/it' in size <10.95> not available
(Font)              Font shape `T1/phv/m/sl' tried instead on input line 16.
LaTeX Font Info:    Font shape `T1/phv/m/it' in size <9> not available
(Font)              Font shape `T1/phv/m/sl' tried instead on input line 16.
 [8

] [9

]) (index.toc) [10

]
(files/introducao/justificativa.tex [11

]) (index.toc) [12

]
(files/introducao/metodologia.tex [13

] [14

]) (index.toc) [15

]
(files/introducao/cronograma.tex
LaTeX Font Info:    Try loading font information for U+msa on input line 27.

("C:\Users\giovanadelucca\MiKTeX 2.9\tex\latex\amsfonts\umsa.fd"
File: umsa.fd 2013/01/14 v3.01 AMS symbols A
)
LaTeX Font Info:    Try loading font information for U+msb on input line 27.

("C:\Users\giovanadelucca\MiKTeX 2.9\tex\latex\amsfonts\umsb.fd"
File: umsb.fd 2013/01/14 v3.01 AMS symbols B
)
LaTeX Font Info:    Try loading font information for T1+ptm on input line 27.

("C:\Users\giovanadelucca\MiKTeX 2.9\tex\latex\psnfss\t1ptm.fd"
File: t1ptm.fd 2001/06/04 font definitions for T1/ptm.
)
LaTeX Font Info:    Font shape `T1/phv/bx/n' in size <6> not available
(Font)              Font shape `T1/phv/b/n' tried instead on input line 27.

Overfull \hbox (10.49837pt too wide) in paragraph at lines 27--27
[]|\T1/phv/b/n/6 2018| 
 []


Overfull \hbox (3.82646pt too wide) in paragraph at lines 27--27
[]|\T1/phv/b/n/6 03| 
 []


Overfull \hbox (3.82646pt too wide) in paragraph at lines 27--27
[]|\T1/phv/b/n/6 05| 
 []


Overfull \hbox (3.82646pt too wide) in paragraph at lines 27--27
[]|\T1/phv/b/n/6 07| 
 []


Overfull \hbox (3.82646pt too wide) in paragraph at lines 27--27
[]|\T1/phv/b/n/6 09| 
 []


Overfull \hbox (3.82646pt too wide) in paragraph at lines 27--27
[]|\T1/phv/b/n/6 11| 
 []

LaTeX Font Info:    Font shape `T1/phv/bx/it' in size <6> not available
(Font)              Font shape `T1/phv/b/it' tried instead on input line 27.
LaTeX Font Info:    Font shape `T1/phv/b/it' in size <6> not available
(Font)              Font shape `T1/phv/b/sl' tried instead on input line 27.

Underfull \hbox (badness 2005) in paragraph at lines 27--27
[]|\T1/phv/b/n/6 Estudo do fer-ra-men-tal tec-no-ló-
 []


Underfull \hbox (badness 7740) in paragraph at lines 27--27
[]|\T1/phv/b/n/6 Especificação das ar-qui-te-tu-ras
 []


Underfull \hbox (badness 1189) in paragraph at lines 27--27
\T1/phv/b/sl/6 fer Le-ar-ning \T1/phv/b/n/6 nas re-des neu-rais
 []


Underfull \hbox (badness 2318) in paragraph at lines 27--27
[]|\T1/phv/b/n/6 Treinamento das re-des neu-rais
 []

[16

]) (index.toc) [17

] (files/fundamentacao.tex
LaTeX Font Info:    Font shape `T1/phv/m/it' in size <10> not available
(Font)              Font shape `T1/phv/m/sl' tried instead on input line 17.
 [18

]
<./img/lenet.png, id=652, 933.4875pt x 287.57437pt>
File: ./img/lenet.png Graphic file (type png)
<use ./img/lenet.png>
Package pdftex.def Info: ./img/lenet.png  used on input line 25.
(pdftex.def)             Requested size: 342.43532pt x 105.49252pt.
 [19

 <./img/lenet.png>]
[20

]
<./img/vggnet.png, id=709, 1025.33063pt x 420.06938pt>
File: ./img/vggnet.png Graphic file (type png)
<use ./img/vggnet.png>
Package pdftex.def Info: ./img/vggnet.png  used on input line 50.
(pdftex.def)             Requested size: 342.43532pt x 140.28986pt.
 [21

 <./img/vggnet.png>]
LaTeX Font Info:    Font shape `T1/phv/m/it' in size <14.4> not available
(Font)              Font shape `T1/phv/m/sl' tried instead on input line 66.
 [22

]) (index.toc) [23

] (files/solucao.tex
<./img/aprendizado.png, id=801, 966.61125pt x 516.42938pt>
File: ./img/aprendizado.png Graphic file (type png)
<use ./img/aprendizado.png>
Package pdftex.def Info: ./img/aprendizado.png  used on input line 12.
(pdftex.def)             Requested size: 273.9493pt x 146.36436pt.
 [24

 <./img/aprendizado.png>]
<./img/cielab.png, id=831, 292.84406pt x 264.23718pt>
File: ./img/cielab.png Graphic file (type png)
<use ./img/cielab.png>
Package pdftex.def Info: ./img/cielab.png  used on input line 27.
(pdftex.def)             Requested size: 154.09483pt x 139.0451pt.
 [25

 <./img/cielab.png>] [26

] [27

] [28

]
<./img/visaogeral.jpeg, id=949, 1994.45125pt x 989.6975pt>
File: ./img/visaogeral.jpeg Graphic file (type jpg)
<use ./img/visaogeral.jpeg>
Package pdftex.def Info: ./img/visaogeral.jpeg  used on input line 82.
(pdftex.def)             Requested size: 308.18968pt x 152.91827pt.
 [29

 <./img/visaogeral.jpeg>] [30

] [31

]) (index.toc) [32

] (files/resultados.tex [33

]) (index.toc)
[34

] (files/consideracoes.tex [35

]
Overfull \hbox (10.49837pt too wide) in paragraph at lines 49--49
[]|\T1/phv/b/n/6 2018| 
 []


Overfull \hbox (3.82646pt too wide) in paragraph at lines 49--49
[]|\T1/phv/b/n/6 03| 
 []


Overfull \hbox (3.82646pt too wide) in paragraph at lines 49--49
[]|\T1/phv/b/n/6 05| 
 []


Overfull \hbox (3.82646pt too wide) in paragraph at lines 49--49
[]|\T1/phv/b/n/6 07| 
 []


Overfull \hbox (3.82646pt too wide) in paragraph at lines 49--49
[]|\T1/phv/b/n/6 09| 
 []


Overfull \hbox (3.82646pt too wide) in paragraph at lines 49--49
[]|\T1/phv/b/n/6 11| 
 []


Underfull \hbox (badness 2005) in paragraph at lines 49--49
[]|[]\T1/phv/b/n/6 Estudo do fer-ra-men-tal tec-no-ló-
 []


Underfull \hbox (badness 7740) in paragraph at lines 49--49
[]|[]\T1/phv/b/n/6 Especificação das ar-qui-te-tu-ras
 []


Underfull \hbox (badness 1189) in paragraph at lines 49--49
\T1/phv/b/sl/6 fer Le-ar-ning \T1/phv/b/n/6 nas re-des neu-rais
 []


Underfull \hbox (badness 2318) in paragraph at lines 49--49
[]|\T1/phv/b/n/6 Treinamento das re-des neu-rais
 []

pdfTeX warning (ext4): destination with the same identifier (name{tab:cronogram
a}) has been already used, duplicate ignored
<to be read again> 
                   \relax 
l.49 \end{frame}
                 [36

]) (index.toc) [37

] (files/referencias.tex [38

])
File: ./img/uea.png Graphic file (type png)
<use ./img/uea.png>
Package pdftex.def Info: ./img/uea.png  used on input line 104.
(pdftex.def)             Requested size: 34.24405pt x 36.8833pt.
 [39

]
\tf@nav=\write6
\openout6 = `index.nav'.

\tf@toc=\write7
\openout7 = `index.toc'.

\tf@snm=\write8
\openout8 = `index.snm'.



Package movie15 Warning: @@@@@@@@@@@@@@@@@@@@@@@@@@@@@@@@@@@@@@@
(movie15)                @@ Package `movie15' is obsolete and @@
(movie15)                @@ superseded by `media9'.           @@
(movie15)                @@@@@@@@@@@@@@@@@@@@@@@@@@@@@@@@@@@@@@@.

Package atveryend Info: Empty hook `BeforeClearDocument' on input line 107.
Package atveryend Info: Empty hook `AfterLastShipout' on input line 107.
(index.aux)
Package atveryend Info: Executing hook `AtVeryEndDocument' on input line 107.
Package atveryend Info: Executing hook `AtEndAfterFileList' on input line 107.
Package rerunfilecheck Info: File `index.out' has not changed.
(rerunfilecheck)             Checksum: E744FCECDB866D487D883664555A322F;534.


LaTeX Warning: There were multiply-defined labels.

 ) 
Here is how much of TeX's memory you used:
 20358 strings out of 493303
 378820 string characters out of 3135805
 517442 words of memory out of 3000000
 23255 multiletter control sequences out of 15000+200000
 83024 words of font info for 93 fonts, out of 3000000 for 9000
 1141 hyphenation exceptions out of 8191
 55i,15n,73p,774b,729s stack positions out of 5000i,500n,10000p,200000b,50000s
{C:/Users/giovanadelucca/MiKTeX 2.9/fonts/enc/dvips/base/8r.enc}<C:/Users/gio
vanadelucca/MiKTeX 2.9/fonts/type1/public/amsfonts/cm/cmex10.pfb><C:/Users/giov
anadelucca/MiKTeX 2.9/fonts/type1/public/amsfonts/cm/cmmi10.pfb><C:/Users/giova
nadelucca/MiKTeX 2.9/fonts/type1/public/amsfonts/cm/cmr10.pfb><C:/Users/giovana
delucca/MiKTeX 2.9/fonts/type1/public/amsfonts/cm/cmr8.pfb><C:/Users/giovanadel
ucca/MiKTeX 2.9/fonts/type1/public/amsfonts/cm/cmsy10.pfb><C:/Users/giovanadelu
cca/MiKTeX 2.9/fonts/type1/public/amsfonts/cm/cmsy7.pfb><C:/Users/giovanadelucc
a/MiKTeX 2.9/fonts/type1/urw/courier/ucrr8a.pfb><C:/Users/giovanadelucca/MiKTeX
 2.9/fonts/type1/urw/helvetic/uhvb8a.pfb><C:/Users/giovanadelucca/MiKTeX 2.9/fo
nts/type1/urw/helvetic/uhvbo8a.pfb><C:/Users/giovanadelucca/MiKTeX 2.9/fonts/ty
pe1/urw/helvetic/uhvr8a.pfb><C:/Users/giovanadelucca/MiKTeX 2.9/fonts/type1/urw
/helvetic/uhvro8a.pfb><C:/Users/giovanadelucca/MiKTeX 2.9/fonts/type1/urw/times
/utmr8a.pfb><C:/Users/giovanadelucca/MiKTeX 2.9/fonts/type1/urw/times/utmri8a.p
fb>
Output written on index.pdf (39 pages, 1721389 bytes).
PDF statistics:
 1342 PDF objects out of 1440 (max. 8388607)
 96 named destinations out of 1000 (max. 500000)
 231 words of extra memory for PDF output out of 10000 (max. 10000000)

